2021-09-17 11:31:34,166 DEBUG scheduler Queued events for site Banking
2021-09-17 11:32:34,415 DEBUG scheduler Queued events for site Banking
2021-09-17 11:32:34,466 INFO scheduler Scheduled Job Start: frappe.monitor.flush for Banking
2021-09-17 11:32:34,774 INFO scheduler Scheduled Job Complete: frappe.monitor.flush for Banking
2021-09-17 11:32:34,875 INFO scheduler Scheduled Job Start: frappe.utils.global_search.sync_global_search for Banking
2021-09-17 11:32:35,322 INFO scheduler Scheduled Job Complete: frappe.utils.global_search.sync_global_search for Banking
2021-09-17 11:32:35,428 INFO scheduler Scheduled Job Start: frappe.integrations.doctype.razorpay_settings.razorpay_settings.capture_payment for Banking
2021-09-17 11:32:36,091 INFO scheduler Scheduled Job Complete: frappe.integrations.doctype.razorpay_settings.razorpay_settings.capture_payment for Banking
2021-09-17 11:32:36,213 INFO scheduler Scheduled Job Start: frappe.email.doctype.email_account.email_account.notify_unreplied for Banking
2021-09-17 11:32:36,640 INFO scheduler Scheduled Job Complete: frappe.email.doctype.email_account.email_account.notify_unreplied for Banking
2021-09-17 11:32:36,740 INFO scheduler Scheduled Job Start: frappe.email.doctype.email_account.email_account.pull for Banking
2021-09-17 11:32:37,171 INFO scheduler Scheduled Job Complete: frappe.email.doctype.email_account.email_account.pull for Banking
2021-09-17 11:32:37,276 INFO scheduler Scheduled Job Start: frappe.email.queue.flush for Banking
2021-09-17 11:32:37,703 INFO scheduler Scheduled Job Complete: frappe.email.queue.flush for Banking
2021-09-17 11:33:34,663 DEBUG scheduler Queued events for site Banking
2021-09-17 11:34:34,885 DEBUG scheduler Queued events for site Banking
2021-09-17 11:35:35,097 DEBUG scheduler Queued events for site Banking
2021-09-17 11:36:35,375 DEBUG scheduler Queued events for site Banking
2021-09-17 11:36:35,426 INFO scheduler Scheduled Job Start: frappe.monitor.flush for Banking
2021-09-17 11:36:35,726 INFO scheduler Scheduled Job Complete: frappe.monitor.flush for Banking
2021-09-17 11:36:35,833 INFO scheduler Scheduled Job Start: frappe.utils.global_search.sync_global_search for Banking
2021-09-17 11:36:36,158 INFO scheduler Scheduled Job Complete: frappe.utils.global_search.sync_global_search for Banking
2021-09-17 11:36:36,277 INFO scheduler Scheduled Job Start: frappe.integrations.doctype.razorpay_settings.razorpay_settings.capture_payment for Banking
2021-09-17 11:36:36,879 INFO scheduler Scheduled Job Complete: frappe.integrations.doctype.razorpay_settings.razorpay_settings.capture_payment for Banking
2021-09-17 11:36:36,986 INFO scheduler Scheduled Job Start: frappe.email.doctype.email_account.email_account.notify_unreplied for Banking
2021-09-17 11:36:37,475 INFO scheduler Scheduled Job Complete: frappe.email.doctype.email_account.email_account.notify_unreplied for Banking
2021-09-17 11:36:37,593 INFO scheduler Scheduled Job Start: frappe.email.doctype.email_account.email_account.pull for Banking
2021-09-17 11:36:38,062 INFO scheduler Scheduled Job Complete: frappe.email.doctype.email_account.email_account.pull for Banking
2021-09-17 11:36:38,168 INFO scheduler Scheduled Job Start: frappe.email.queue.flush for Banking
2021-09-17 11:36:38,551 INFO scheduler Scheduled Job Complete: frappe.email.queue.flush for Banking
2021-09-17 11:37:35,603 DEBUG scheduler Queued events for site Banking
2021-09-17 11:38:35,825 DEBUG scheduler Queued events for site Banking
2021-09-17 11:39:36,060 DEBUG scheduler Queued events for site Banking
2021-09-17 11:40:36,319 DEBUG scheduler Queued events for site Banking
2021-09-17 11:40:36,367 INFO scheduler Scheduled Job Start: frappe.monitor.flush for Banking
2021-09-17 11:40:36,662 INFO scheduler Scheduled Job Complete: frappe.monitor.flush for Banking
2021-09-17 11:40:36,762 INFO scheduler Scheduled Job Start: frappe.utils.global_search.sync_global_search for Banking
2021-09-17 11:40:37,138 INFO scheduler Scheduled Job Complete: frappe.utils.global_search.sync_global_search for Banking
2021-09-17 11:40:37,240 INFO scheduler Scheduled Job Start: frappe.integrations.doctype.razorpay_settings.razorpay_settings.capture_payment for Banking
2021-09-17 11:40:37,879 INFO scheduler Scheduled Job Complete: frappe.integrations.doctype.razorpay_settings.razorpay_settings.capture_payment for Banking
2021-09-17 11:40:37,978 INFO scheduler Scheduled Job Start: frappe.email.doctype.email_account.email_account.notify_unreplied for Banking
2021-09-17 11:40:38,437 INFO scheduler Scheduled Job Complete: frappe.email.doctype.email_account.email_account.notify_unreplied for Banking
2021-09-17 11:40:38,538 INFO scheduler Scheduled Job Start: frappe.email.doctype.email_account.email_account.pull for Banking
2021-09-17 11:40:39,031 INFO scheduler Scheduled Job Complete: frappe.email.doctype.email_account.email_account.pull for Banking
2021-09-17 11:40:39,132 INFO scheduler Scheduled Job Start: frappe.email.queue.flush for Banking
2021-09-17 11:40:39,545 INFO scheduler Scheduled Job Complete: frappe.email.queue.flush for Banking
2021-09-17 11:41:36,571 DEBUG scheduler Queued events for site Banking
2021-09-17 11:42:36,794 DEBUG scheduler Queued events for site Banking
2021-09-17 11:43:37,014 DEBUG scheduler Queued events for site Banking
2021-09-17 11:44:37,260 DEBUG scheduler Queued events for site Banking
2021-09-17 11:44:37,310 INFO scheduler Scheduled Job Start: frappe.monitor.flush for Banking
2021-09-17 11:44:37,608 INFO scheduler Scheduled Job Complete: frappe.monitor.flush for Banking
2021-09-17 11:44:37,716 INFO scheduler Scheduled Job Start: frappe.utils.global_search.sync_global_search for Banking
2021-09-17 11:44:38,166 INFO scheduler Scheduled Job Complete: frappe.utils.global_search.sync_global_search for Banking
2021-09-17 11:44:38,282 INFO scheduler Scheduled Job Start: frappe.integrations.doctype.razorpay_settings.razorpay_settings.capture_payment for Banking
2021-09-17 11:44:38,867 INFO scheduler Scheduled Job Complete: frappe.integrations.doctype.razorpay_settings.razorpay_settings.capture_payment for Banking
2021-09-17 11:44:39,002 INFO scheduler Scheduled Job Start: frappe.email.doctype.email_account.email_account.notify_unreplied for Banking
2021-09-17 11:44:39,548 INFO scheduler Scheduled Job Complete: frappe.email.doctype.email_account.email_account.notify_unreplied for Banking
2021-09-17 11:44:39,647 INFO scheduler Scheduled Job Start: frappe.email.doctype.email_account.email_account.pull for Banking
2021-09-17 11:44:40,128 INFO scheduler Scheduled Job Complete: frappe.email.doctype.email_account.email_account.pull for Banking
2021-09-17 11:44:40,265 INFO scheduler Scheduled Job Start: frappe.email.queue.flush for Banking
2021-09-17 11:44:40,654 INFO scheduler Scheduled Job Complete: frappe.email.queue.flush for Banking
2021-09-17 11:45:37,528 DEBUG scheduler Queued events for site Banking
2021-09-17 11:45:37,602 INFO scheduler Scheduled Job Start: frappe.twofactor.delete_all_barcodes_for_users for Banking
2021-09-17 11:45:38,083 INFO scheduler Scheduled Job Complete: frappe.twofactor.delete_all_barcodes_for_users for Banking
2021-09-17 11:45:38,186 INFO scheduler Scheduled Job Start: frappe.website.doctype.web_page.web_page.check_publish_status for Banking
2021-09-17 11:45:38,826 INFO scheduler Scheduled Job Complete: frappe.website.doctype.web_page.web_page.check_publish_status for Banking
2021-09-17 11:45:38,955 INFO scheduler Scheduled Job Start: frappe.oauth.delete_oauth2_data for Banking
2021-09-17 11:45:39,579 INFO scheduler Scheduled Job Complete: frappe.oauth.delete_oauth2_data for Banking
2021-09-17 11:46:37,779 DEBUG scheduler Queued events for site Banking
2021-09-17 11:47:37,988 DEBUG scheduler Queued events for site Banking
2021-09-17 11:48:38,289 DEBUG scheduler Queued events for site Banking
2021-09-17 11:48:38,358 INFO scheduler Scheduled Job Start: frappe.monitor.flush for Banking
2021-09-17 11:48:38,883 INFO scheduler Scheduled Job Complete: frappe.monitor.flush for Banking
2021-09-17 11:48:39,026 INFO scheduler Scheduled Job Start: frappe.utils.global_search.sync_global_search for Banking
2021-09-17 11:48:39,540 INFO scheduler Scheduled Job Complete: frappe.utils.global_search.sync_global_search for Banking
2021-09-17 11:48:39,714 INFO scheduler Scheduled Job Start: frappe.integrations.doctype.razorpay_settings.razorpay_settings.capture_payment for Banking
2021-09-17 11:48:41,114 INFO scheduler Scheduled Job Complete: frappe.integrations.doctype.razorpay_settings.razorpay_settings.capture_payment for Banking
2021-09-17 11:48:41,293 INFO scheduler Scheduled Job Start: frappe.email.doctype.email_account.email_account.notify_unreplied for Banking
2021-09-17 11:48:42,012 INFO scheduler Scheduled Job Complete: frappe.email.doctype.email_account.email_account.notify_unreplied for Banking
2021-09-17 11:48:42,171 INFO scheduler Scheduled Job Start: frappe.email.doctype.email_account.email_account.pull for Banking
2021-09-17 11:48:42,865 INFO scheduler Scheduled Job Complete: frappe.email.doctype.email_account.email_account.pull for Banking
2021-09-17 11:48:43,017 INFO scheduler Scheduled Job Start: frappe.email.queue.flush for Banking
2021-09-17 11:48:43,587 INFO scheduler Scheduled Job Complete: frappe.email.queue.flush for Banking
2021-09-17 11:49:38,532 DEBUG scheduler Queued events for site Banking
2021-09-17 11:50:38,935 DEBUG scheduler Queued events for site Banking
2021-09-17 11:51:39,985 DEBUG scheduler Queued events for site Banking
2021-09-17 11:52:41,646 DEBUG scheduler Queued events for site Banking
2021-09-17 11:52:47,362 INFO scheduler Scheduled Job Start: frappe.monitor.flush for Banking
2021-09-17 11:53:00,321 INFO scheduler Scheduled Job Complete: frappe.monitor.flush for Banking
2021-09-17 11:53:03,090 INFO scheduler Scheduled Job Start: frappe.utils.global_search.sync_global_search for Banking
2021-09-17 11:53:05,962 INFO scheduler Scheduled Job Complete: frappe.utils.global_search.sync_global_search for Banking
2021-09-17 11:53:08,533 INFO scheduler Scheduled Job Start: frappe.integrations.doctype.razorpay_settings.razorpay_settings.capture_payment for Banking
2021-09-17 11:53:18,033 INFO scheduler Scheduled Job Complete: frappe.integrations.doctype.razorpay_settings.razorpay_settings.capture_payment for Banking
2021-09-17 11:53:20,320 INFO scheduler Scheduled Job Start: frappe.email.doctype.email_account.email_account.notify_unreplied for Banking
2021-09-17 11:53:22,427 INFO scheduler Scheduled Job Complete: frappe.email.doctype.email_account.email_account.notify_unreplied for Banking
2021-09-17 11:53:22,664 INFO scheduler Scheduled Job Start: frappe.email.doctype.email_account.email_account.pull for Banking
2021-09-17 11:53:23,235 INFO scheduler Scheduled Job Complete: frappe.email.doctype.email_account.email_account.pull for Banking
2021-09-17 11:53:23,345 INFO scheduler Scheduled Job Start: frappe.email.queue.flush for Banking
2021-09-17 11:53:23,763 INFO scheduler Scheduled Job Complete: frappe.email.queue.flush for Banking
2021-09-17 11:53:42,594 DEBUG scheduler Queued events for site Banking
2021-09-17 11:54:42,835 DEBUG scheduler Queued events for site Banking
2021-09-17 12:03:07,665 INFO scheduler Scheduled Job Start: frappe.email.doctype.newsletter.newsletter.send_scheduled_email for Banking
2021-09-17 12:03:07,666 DEBUG scheduler Queued events for site Banking
2021-09-17 12:03:09,253 INFO scheduler Scheduled Job Complete: frappe.email.doctype.newsletter.newsletter.send_scheduled_email for Banking
2021-09-17 12:03:09,424 INFO scheduler Scheduled Job Start: frappe.integrations.doctype.google_calendar.google_calendar.sync for Banking
2021-09-17 12:03:10,585 INFO scheduler Scheduled Job Complete: frappe.integrations.doctype.google_calendar.google_calendar.sync for Banking
2021-09-17 12:03:10,747 INFO scheduler Scheduled Job Start: frappe.desk.form.document_follow.send_hourly_updates for Banking
2021-09-17 12:03:11,429 INFO scheduler Scheduled Job Complete: frappe.desk.form.document_follow.send_hourly_updates for Banking
2021-09-17 12:03:11,583 INFO scheduler Scheduled Job Start: frappe.deferred_insert.save_to_db for Banking
2021-09-17 12:03:12,252 INFO scheduler Scheduled Job Complete: frappe.deferred_insert.save_to_db for Banking
2021-09-17 12:03:12,412 INFO scheduler Scheduled Job Start: frappe.desk.page.backups.backups.delete_downloadable_backups for Banking
2021-09-17 12:03:13,220 INFO scheduler Scheduled Job Complete: frappe.desk.page.backups.backups.delete_downloadable_backups for Banking
2021-09-17 12:03:13,401 INFO scheduler Scheduled Job Start: frappe.utils.error.collect_error_snapshots for Banking
2021-09-17 12:03:14,359 INFO scheduler Scheduled Job Complete: frappe.utils.error.collect_error_snapshots for Banking
2021-09-17 12:03:14,629 INFO scheduler Scheduled Job Start: frappe.model.utils.user_settings.sync_user_settings for Banking
2021-09-17 12:03:15,428 INFO scheduler Scheduled Job Complete: frappe.model.utils.user_settings.sync_user_settings for Banking
2021-09-17 12:03:15,599 INFO scheduler Scheduled Job Start: frappe.model.utils.link_count.update_link_count for Banking
2021-09-17 12:03:16,607 INFO scheduler Scheduled Job Complete: frappe.model.utils.link_count.update_link_count for Banking
2021-09-17 12:03:16,807 INFO scheduler Scheduled Job Start: frappe.monitor.flush for Banking
2021-09-17 12:03:17,427 INFO scheduler Scheduled Job Complete: frappe.monitor.flush for Banking
2021-09-17 12:03:17,648 INFO scheduler Scheduled Job Start: frappe.utils.global_search.sync_global_search for Banking
2021-09-17 12:03:18,310 INFO scheduler Scheduled Job Complete: frappe.utils.global_search.sync_global_search for Banking
2021-09-17 12:03:18,460 INFO scheduler Scheduled Job Start: frappe.integrations.doctype.razorpay_settings.razorpay_settings.capture_payment for Banking
2021-09-17 12:03:19,941 INFO scheduler Scheduled Job Complete: frappe.integrations.doctype.razorpay_settings.razorpay_settings.capture_payment for Banking
2021-09-17 12:03:20,171 INFO scheduler Scheduled Job Start: frappe.email.doctype.email_account.email_account.notify_unreplied for Banking
2021-09-17 12:03:21,695 INFO scheduler Scheduled Job Complete: frappe.email.doctype.email_account.email_account.notify_unreplied for Banking
2021-09-17 12:03:21,844 INFO scheduler Scheduled Job Start: frappe.email.doctype.email_account.email_account.pull for Banking
2021-09-17 12:03:22,698 INFO scheduler Scheduled Job Complete: frappe.email.doctype.email_account.email_account.pull for Banking
2021-09-17 12:03:22,871 INFO scheduler Scheduled Job Start: frappe.email.queue.flush for Banking
2021-09-17 12:03:24,052 INFO scheduler Scheduled Job Complete: frappe.email.queue.flush for Banking
2021-09-17 12:03:24,188 INFO scheduler Scheduled Job Start: frappe.twofactor.delete_all_barcodes_for_users for Banking
2021-09-17 12:03:25,070 INFO scheduler Scheduled Job Complete: frappe.twofactor.delete_all_barcodes_for_users for Banking
2021-09-17 12:03:25,226 INFO scheduler Scheduled Job Start: frappe.website.doctype.web_page.web_page.check_publish_status for Banking
2021-09-17 12:03:26,486 INFO scheduler Scheduled Job Complete: frappe.website.doctype.web_page.web_page.check_publish_status for Banking
2021-09-17 12:03:26,616 INFO scheduler Scheduled Job Start: frappe.oauth.delete_oauth2_data for Banking
2021-09-17 12:03:27,446 INFO scheduler Scheduled Job Complete: frappe.oauth.delete_oauth2_data for Banking
2021-09-17 12:04:07,971 DEBUG scheduler Queued events for site Banking
2021-09-17 12:04:08,088 INFO scheduler Scheduled Job Start: frappe.monitor.flush for Banking
2021-09-17 12:04:08,633 INFO scheduler Scheduled Job Complete: frappe.monitor.flush for Banking
2021-09-17 12:04:08,738 INFO scheduler Scheduled Job Start: frappe.utils.global_search.sync_global_search for Banking
2021-09-17 12:04:09,103 INFO scheduler Scheduled Job Complete: frappe.utils.global_search.sync_global_search for Banking
2021-09-17 12:04:09,220 INFO scheduler Scheduled Job Start: frappe.integrations.doctype.razorpay_settings.razorpay_settings.capture_payment for Banking
2021-09-17 12:04:09,835 INFO scheduler Scheduled Job Complete: frappe.integrations.doctype.razorpay_settings.razorpay_settings.capture_payment for Banking
2021-09-17 12:04:09,978 INFO scheduler Scheduled Job Start: frappe.email.doctype.email_account.email_account.notify_unreplied for Banking
2021-09-17 12:04:10,801 INFO scheduler Scheduled Job Complete: frappe.email.doctype.email_account.email_account.notify_unreplied for Banking
2021-09-17 12:04:10,976 INFO scheduler Scheduled Job Start: frappe.email.doctype.email_account.email_account.pull for Banking
2021-09-17 12:04:11,550 INFO scheduler Scheduled Job Complete: frappe.email.doctype.email_account.email_account.pull for Banking
2021-09-17 12:04:11,657 INFO scheduler Scheduled Job Start: frappe.email.queue.flush for Banking
2021-09-17 12:04:12,110 INFO scheduler Scheduled Job Complete: frappe.email.queue.flush for Banking
2021-09-17 12:05:08,215 DEBUG scheduler Queued events for site Banking
2021-09-17 12:06:08,437 DEBUG scheduler Queued events for site Banking
2021-09-17 12:07:08,660 DEBUG scheduler Queued events for site Banking
2021-09-17 12:08:08,945 DEBUG scheduler Queued events for site Banking
2021-09-17 12:08:08,989 INFO scheduler Scheduled Job Start: frappe.monitor.flush for Banking
2021-09-17 12:08:09,284 INFO scheduler Scheduled Job Complete: frappe.monitor.flush for Banking
2021-09-17 12:08:09,392 INFO scheduler Scheduled Job Start: frappe.utils.global_search.sync_global_search for Banking
2021-09-17 12:08:09,831 INFO scheduler Scheduled Job Complete: frappe.utils.global_search.sync_global_search for Banking
2021-09-17 12:08:09,960 INFO scheduler Scheduled Job Start: frappe.integrations.doctype.razorpay_settings.razorpay_settings.capture_payment for Banking
2021-09-17 12:08:10,612 INFO scheduler Scheduled Job Complete: frappe.integrations.doctype.razorpay_settings.razorpay_settings.capture_payment for Banking
2021-09-17 12:08:10,742 INFO scheduler Scheduled Job Start: frappe.email.doctype.email_account.email_account.notify_unreplied for Banking
2021-09-17 12:08:11,250 INFO scheduler Scheduled Job Complete: frappe.email.doctype.email_account.email_account.notify_unreplied for Banking
2021-09-17 12:08:11,360 INFO scheduler Scheduled Job Start: frappe.email.doctype.email_account.email_account.pull for Banking
2021-09-17 12:08:11,888 INFO scheduler Scheduled Job Complete: frappe.email.doctype.email_account.email_account.pull for Banking
2021-09-17 12:08:11,998 INFO scheduler Scheduled Job Start: frappe.email.queue.flush for Banking
2021-09-17 12:08:12,430 INFO scheduler Scheduled Job Complete: frappe.email.queue.flush for Banking
2021-09-17 12:09:09,188 DEBUG scheduler Queued events for site Banking
2021-09-17 12:10:09,408 DEBUG scheduler Queued events for site Banking
2021-09-17 12:11:09,642 DEBUG scheduler Queued events for site Banking
2021-09-17 12:12:09,912 DEBUG scheduler Queued events for site Banking
2021-09-17 12:12:09,958 INFO scheduler Scheduled Job Start: frappe.monitor.flush for Banking
2021-09-17 12:12:10,274 INFO scheduler Scheduled Job Complete: frappe.monitor.flush for Banking
2021-09-17 12:12:10,372 INFO scheduler Scheduled Job Start: frappe.utils.global_search.sync_global_search for Banking
2021-09-17 12:12:10,767 INFO scheduler Scheduled Job Complete: frappe.utils.global_search.sync_global_search for Banking
2021-09-17 12:12:10,885 INFO scheduler Scheduled Job Start: frappe.integrations.doctype.razorpay_settings.razorpay_settings.capture_payment for Banking
2021-09-17 12:12:11,506 INFO scheduler Scheduled Job Complete: frappe.integrations.doctype.razorpay_settings.razorpay_settings.capture_payment for Banking
2021-09-17 12:12:11,622 INFO scheduler Scheduled Job Start: frappe.email.doctype.email_account.email_account.notify_unreplied for Banking
2021-09-17 12:12:12,119 INFO scheduler Scheduled Job Complete: frappe.email.doctype.email_account.email_account.notify_unreplied for Banking
2021-09-17 12:12:12,228 INFO scheduler Scheduled Job Start: frappe.email.doctype.email_account.email_account.pull for Banking
2021-09-17 12:12:12,709 INFO scheduler Scheduled Job Complete: frappe.email.doctype.email_account.email_account.pull for Banking
2021-09-17 12:12:12,832 INFO scheduler Scheduled Job Start: frappe.email.queue.flush for Banking
2021-09-17 12:12:13,273 INFO scheduler Scheduled Job Complete: frappe.email.queue.flush for Banking
2021-09-17 12:13:10,149 DEBUG scheduler Queued events for site Banking
2021-09-17 12:14:10,364 DEBUG scheduler Queued events for site Banking
2021-09-17 12:15:10,588 DEBUG scheduler Queued events for site Banking
2021-09-17 12:15:10,663 INFO scheduler Scheduled Job Start: frappe.twofactor.delete_all_barcodes_for_users for Banking
2021-09-17 12:15:11,228 INFO scheduler Scheduled Job Complete: frappe.twofactor.delete_all_barcodes_for_users for Banking
2021-09-17 12:15:11,383 INFO scheduler Scheduled Job Start: frappe.website.doctype.web_page.web_page.check_publish_status for Banking
2021-09-17 12:15:12,314 INFO scheduler Scheduled Job Complete: frappe.website.doctype.web_page.web_page.check_publish_status for Banking
2021-09-17 12:15:12,452 INFO scheduler Scheduled Job Start: frappe.oauth.delete_oauth2_data for Banking
2021-09-17 12:15:13,227 INFO scheduler Scheduled Job Complete: frappe.oauth.delete_oauth2_data for Banking
2021-09-17 12:16:10,885 DEBUG scheduler Queued events for site Banking
2021-09-17 12:16:10,932 INFO scheduler Scheduled Job Start: frappe.monitor.flush for Banking
2021-09-17 12:16:11,254 INFO scheduler Scheduled Job Complete: frappe.monitor.flush for Banking
2021-09-17 12:16:11,354 INFO scheduler Scheduled Job Start: frappe.utils.global_search.sync_global_search for Banking
2021-09-17 12:16:11,755 INFO scheduler Scheduled Job Complete: frappe.utils.global_search.sync_global_search for Banking
2021-09-17 12:16:11,862 INFO scheduler Scheduled Job Start: frappe.integrations.doctype.razorpay_settings.razorpay_settings.capture_payment for Banking
2021-09-17 12:16:12,445 INFO scheduler Scheduled Job Complete: frappe.integrations.doctype.razorpay_settings.razorpay_settings.capture_payment for Banking
2021-09-17 12:16:12,566 INFO scheduler Scheduled Job Start: frappe.email.doctype.email_account.email_account.notify_unreplied for Banking
2021-09-17 12:16:13,138 INFO scheduler Scheduled Job Complete: frappe.email.doctype.email_account.email_account.notify_unreplied for Banking
2021-09-17 12:16:13,298 INFO scheduler Scheduled Job Start: frappe.email.doctype.email_account.email_account.pull for Banking
2021-09-17 12:16:13,988 INFO scheduler Scheduled Job Complete: frappe.email.doctype.email_account.email_account.pull for Banking
2021-09-17 12:16:14,172 INFO scheduler Scheduled Job Start: frappe.email.queue.flush for Banking
2021-09-17 12:16:14,566 INFO scheduler Scheduled Job Complete: frappe.email.queue.flush for Banking
2021-09-17 12:17:11,131 DEBUG scheduler Queued events for site Banking
2021-09-17 12:18:11,361 DEBUG scheduler Queued events for site Banking
2021-09-17 12:19:11,565 DEBUG scheduler Queued events for site Banking
2021-09-17 12:20:11,838 DEBUG scheduler Queued events for site Banking
2021-09-17 12:20:11,886 INFO scheduler Scheduled Job Start: frappe.monitor.flush for Banking
2021-09-17 12:20:12,182 INFO scheduler Scheduled Job Complete: frappe.monitor.flush for Banking
2021-09-17 12:20:12,281 INFO scheduler Scheduled Job Start: frappe.utils.global_search.sync_global_search for Banking
2021-09-17 12:20:12,653 INFO scheduler Scheduled Job Complete: frappe.utils.global_search.sync_global_search for Banking
2021-09-17 12:20:12,753 INFO scheduler Scheduled Job Start: frappe.integrations.doctype.razorpay_settings.razorpay_settings.capture_payment for Banking
2021-09-17 12:20:13,371 INFO scheduler Scheduled Job Complete: frappe.integrations.doctype.razorpay_settings.razorpay_settings.capture_payment for Banking
2021-09-17 12:20:13,510 INFO scheduler Scheduled Job Start: frappe.email.doctype.email_account.email_account.notify_unreplied for Banking
2021-09-17 12:20:13,964 INFO scheduler Scheduled Job Complete: frappe.email.doctype.email_account.email_account.notify_unreplied for Banking
2021-09-17 12:20:14,069 INFO scheduler Scheduled Job Start: frappe.email.doctype.email_account.email_account.pull for Banking
2021-09-17 12:20:14,559 INFO scheduler Scheduled Job Complete: frappe.email.doctype.email_account.email_account.pull for Banking
2021-09-17 12:20:14,663 INFO scheduler Scheduled Job Start: frappe.email.queue.flush for Banking
2021-09-17 12:20:15,090 INFO scheduler Scheduled Job Complete: frappe.email.queue.flush for Banking
2021-09-17 12:21:12,078 DEBUG scheduler Queued events for site Banking
2021-09-17 12:22:12,299 DEBUG scheduler Queued events for site Banking
2021-09-17 12:23:12,521 DEBUG scheduler Queued events for site Banking
2021-09-17 12:24:12,815 DEBUG scheduler Queued events for site Banking
2021-09-17 12:24:12,863 INFO scheduler Scheduled Job Start: frappe.monitor.flush for Banking
2021-09-17 12:24:13,175 INFO scheduler Scheduled Job Complete: frappe.monitor.flush for Banking
2021-09-17 12:24:13,277 INFO scheduler Scheduled Job Start: frappe.utils.global_search.sync_global_search for Banking
2021-09-17 12:24:13,610 INFO scheduler Scheduled Job Complete: frappe.utils.global_search.sync_global_search for Banking
2021-09-17 12:24:13,720 INFO scheduler Scheduled Job Start: frappe.integrations.doctype.razorpay_settings.razorpay_settings.capture_payment for Banking
2021-09-17 12:24:14,324 INFO scheduler Scheduled Job Complete: frappe.integrations.doctype.razorpay_settings.razorpay_settings.capture_payment for Banking
2021-09-17 12:24:14,434 INFO scheduler Scheduled Job Start: frappe.email.doctype.email_account.email_account.notify_unreplied for Banking
2021-09-17 12:24:14,970 INFO scheduler Scheduled Job Complete: frappe.email.doctype.email_account.email_account.notify_unreplied for Banking
2021-09-17 12:24:15,106 INFO scheduler Scheduled Job Start: frappe.email.doctype.email_account.email_account.pull for Banking
2021-09-17 12:24:15,659 INFO scheduler Scheduled Job Complete: frappe.email.doctype.email_account.email_account.pull for Banking
2021-09-17 12:24:15,782 INFO scheduler Scheduled Job Start: frappe.email.queue.flush for Banking
2021-09-17 12:24:16,144 INFO scheduler Scheduled Job Complete: frappe.email.queue.flush for Banking
2021-09-17 12:25:13,051 DEBUG scheduler Queued events for site Banking
2021-09-17 12:26:13,282 DEBUG scheduler Queued events for site Banking
2021-09-17 12:27:13,493 DEBUG scheduler Queued events for site Banking
2021-09-17 12:28:13,885 DEBUG scheduler Queued events for site Banking
2021-09-17 12:28:13,962 INFO scheduler Scheduled Job Start: frappe.monitor.flush for Banking
2021-09-17 12:28:14,373 INFO scheduler Scheduled Job Complete: frappe.monitor.flush for Banking
2021-09-17 12:28:14,471 INFO scheduler Scheduled Job Start: frappe.utils.global_search.sync_global_search for Banking
2021-09-17 12:28:14,876 INFO scheduler Scheduled Job Complete: frappe.utils.global_search.sync_global_search for Banking
2021-09-17 12:28:15,015 INFO scheduler Scheduled Job Start: frappe.integrations.doctype.razorpay_settings.razorpay_settings.capture_payment for Banking
2021-09-17 12:28:15,651 INFO scheduler Scheduled Job Complete: frappe.integrations.doctype.razorpay_settings.razorpay_settings.capture_payment for Banking
2021-09-17 12:28:15,777 INFO scheduler Scheduled Job Start: frappe.email.doctype.email_account.email_account.notify_unreplied for Banking
2021-09-17 12:28:16,327 INFO scheduler Scheduled Job Complete: frappe.email.doctype.email_account.email_account.notify_unreplied for Banking
2021-09-17 12:28:16,431 INFO scheduler Scheduled Job Start: frappe.email.doctype.email_account.email_account.pull for Banking
2021-09-17 12:28:16,915 INFO scheduler Scheduled Job Complete: frappe.email.doctype.email_account.email_account.pull for Banking
2021-09-17 12:28:17,026 INFO scheduler Scheduled Job Start: frappe.email.queue.flush for Banking
2021-09-17 12:28:17,482 INFO scheduler Scheduled Job Complete: frappe.email.queue.flush for Banking
2021-09-17 12:29:14,135 DEBUG scheduler Queued events for site Banking
2021-09-17 12:30:14,372 DEBUG scheduler Queued events for site Banking
2021-09-17 12:30:14,570 INFO scheduler Scheduled Job Start: frappe.twofactor.delete_all_barcodes_for_users for Banking
2021-09-17 12:30:15,408 INFO scheduler Scheduled Job Complete: frappe.twofactor.delete_all_barcodes_for_users for Banking
2021-09-17 12:30:15,514 INFO scheduler Scheduled Job Start: frappe.website.doctype.web_page.web_page.check_publish_status for Banking
2021-09-17 12:30:16,224 INFO scheduler Scheduled Job Complete: frappe.website.doctype.web_page.web_page.check_publish_status for Banking
2021-09-17 12:30:16,346 INFO scheduler Scheduled Job Start: frappe.oauth.delete_oauth2_data for Banking
2021-09-17 12:30:17,009 INFO scheduler Scheduled Job Complete: frappe.oauth.delete_oauth2_data for Banking
2021-09-17 12:31:14,612 DEBUG scheduler Queued events for site Banking
2021-09-17 12:32:14,862 DEBUG scheduler Queued events for site Banking
2021-09-17 12:32:14,911 INFO scheduler Scheduled Job Start: frappe.monitor.flush for Banking
2021-09-17 12:32:15,219 INFO scheduler Scheduled Job Complete: frappe.monitor.flush for Banking
2021-09-17 12:32:15,321 INFO scheduler Scheduled Job Start: frappe.utils.global_search.sync_global_search for Banking
2021-09-17 12:32:15,700 INFO scheduler Scheduled Job Complete: frappe.utils.global_search.sync_global_search for Banking
2021-09-17 12:32:15,806 INFO scheduler Scheduled Job Start: frappe.integrations.doctype.razorpay_settings.razorpay_settings.capture_payment for Banking
2021-09-17 12:32:16,524 INFO scheduler Scheduled Job Complete: frappe.integrations.doctype.razorpay_settings.razorpay_settings.capture_payment for Banking
2021-09-17 12:32:16,625 INFO scheduler Scheduled Job Start: frappe.email.doctype.email_account.email_account.notify_unreplied for Banking
2021-09-17 12:32:17,071 INFO scheduler Scheduled Job Complete: frappe.email.doctype.email_account.email_account.notify_unreplied for Banking
2021-09-17 12:32:17,181 INFO scheduler Scheduled Job Start: frappe.email.doctype.email_account.email_account.pull for Banking
2021-09-17 12:32:17,606 INFO scheduler Scheduled Job Complete: frappe.email.doctype.email_account.email_account.pull for Banking
2021-09-17 12:32:17,712 INFO scheduler Scheduled Job Start: frappe.email.queue.flush for Banking
2021-09-17 12:32:18,127 INFO scheduler Scheduled Job Complete: frappe.email.queue.flush for Banking
2021-09-17 12:33:15,101 DEBUG scheduler Queued events for site Banking
2021-09-17 12:34:15,329 DEBUG scheduler Queued events for site Banking
2021-09-17 12:35:15,544 DEBUG scheduler Queued events for site Banking
2021-09-17 12:36:15,788 DEBUG scheduler Queued events for site Banking
2021-09-17 12:36:15,835 INFO scheduler Scheduled Job Start: frappe.monitor.flush for Banking
2021-09-17 12:36:16,138 INFO scheduler Scheduled Job Complete: frappe.monitor.flush for Banking
2021-09-17 12:36:16,236 INFO scheduler Scheduled Job Start: frappe.utils.global_search.sync_global_search for Banking
2021-09-17 12:36:16,588 INFO scheduler Scheduled Job Complete: frappe.utils.global_search.sync_global_search for Banking
2021-09-17 12:36:16,712 INFO scheduler Scheduled Job Start: frappe.integrations.doctype.razorpay_settings.razorpay_settings.capture_payment for Banking
2021-09-17 12:36:17,315 INFO scheduler Scheduled Job Complete: frappe.integrations.doctype.razorpay_settings.razorpay_settings.capture_payment for Banking
2021-09-17 12:36:17,445 INFO scheduler Scheduled Job Start: frappe.email.doctype.email_account.email_account.notify_unreplied for Banking
2021-09-17 12:36:17,937 INFO scheduler Scheduled Job Complete: frappe.email.doctype.email_account.email_account.notify_unreplied for Banking
2021-09-17 12:36:18,037 INFO scheduler Scheduled Job Start: frappe.email.doctype.email_account.email_account.pull for Banking
2021-09-17 12:36:18,531 INFO scheduler Scheduled Job Complete: frappe.email.doctype.email_account.email_account.pull for Banking
2021-09-17 12:36:18,628 INFO scheduler Scheduled Job Start: frappe.email.queue.flush for Banking
2021-09-17 12:36:19,052 INFO scheduler Scheduled Job Complete: frappe.email.queue.flush for Banking
2021-09-17 12:37:16,037 DEBUG scheduler Queued events for site Banking
2021-09-17 12:38:16,267 DEBUG scheduler Queued events for site Banking
2021-09-17 12:39:16,496 DEBUG scheduler Queued events for site Banking
2021-09-17 12:40:16,772 DEBUG scheduler Queued events for site Banking
2021-09-17 12:40:17,137 INFO scheduler Scheduled Job Start: frappe.monitor.flush for Banking
2021-09-17 12:40:17,800 INFO scheduler Scheduled Job Complete: frappe.monitor.flush for Banking
2021-09-17 12:40:17,904 INFO scheduler Scheduled Job Start: frappe.utils.global_search.sync_global_search for Banking
2021-09-17 12:40:18,286 INFO scheduler Scheduled Job Complete: frappe.utils.global_search.sync_global_search for Banking
2021-09-17 12:40:18,397 INFO scheduler Scheduled Job Start: frappe.integrations.doctype.razorpay_settings.razorpay_settings.capture_payment for Banking
2021-09-17 12:40:19,315 INFO scheduler Scheduled Job Complete: frappe.integrations.doctype.razorpay_settings.razorpay_settings.capture_payment for Banking
2021-09-17 12:40:19,469 INFO scheduler Scheduled Job Start: frappe.email.doctype.email_account.email_account.notify_unreplied for Banking
2021-09-17 12:40:20,069 INFO scheduler Scheduled Job Complete: frappe.email.doctype.email_account.email_account.notify_unreplied for Banking
2021-09-17 12:40:20,169 INFO scheduler Scheduled Job Start: frappe.email.doctype.email_account.email_account.pull for Banking
2021-09-17 12:40:20,666 INFO scheduler Scheduled Job Complete: frappe.email.doctype.email_account.email_account.pull for Banking
2021-09-17 12:40:20,816 INFO scheduler Scheduled Job Start: frappe.email.queue.flush for Banking
2021-09-17 12:40:21,353 INFO scheduler Scheduled Job Complete: frappe.email.queue.flush for Banking
2021-09-17 12:41:17,020 DEBUG scheduler Queued events for site Banking
2021-09-17 12:42:17,259 DEBUG scheduler Queued events for site Banking
2021-09-17 12:43:17,471 DEBUG scheduler Queued events for site Banking
2021-09-17 12:44:17,713 DEBUG scheduler Queued events for site Banking
2021-09-17 12:44:17,761 INFO scheduler Scheduled Job Start: frappe.monitor.flush for Banking
2021-09-17 12:44:18,065 INFO scheduler Scheduled Job Complete: frappe.monitor.flush for Banking
2021-09-17 12:44:18,166 INFO scheduler Scheduled Job Start: frappe.utils.global_search.sync_global_search for Banking
2021-09-17 12:44:18,586 INFO scheduler Scheduled Job Complete: frappe.utils.global_search.sync_global_search for Banking
2021-09-17 12:44:18,708 INFO scheduler Scheduled Job Start: frappe.integrations.doctype.razorpay_settings.razorpay_settings.capture_payment for Banking
2021-09-17 12:44:19,356 INFO scheduler Scheduled Job Complete: frappe.integrations.doctype.razorpay_settings.razorpay_settings.capture_payment for Banking
2021-09-17 12:44:19,473 INFO scheduler Scheduled Job Start: frappe.email.doctype.email_account.email_account.notify_unreplied for Banking
2021-09-17 12:44:19,979 INFO scheduler Scheduled Job Complete: frappe.email.doctype.email_account.email_account.notify_unreplied for Banking
2021-09-17 12:44:20,080 INFO scheduler Scheduled Job Start: frappe.email.doctype.email_account.email_account.pull for Banking
2021-09-17 12:44:20,610 INFO scheduler Scheduled Job Complete: frappe.email.doctype.email_account.email_account.pull for Banking
2021-09-17 12:44:20,737 INFO scheduler Scheduled Job Start: frappe.email.queue.flush for Banking
2021-09-17 12:44:21,201 INFO scheduler Scheduled Job Complete: frappe.email.queue.flush for Banking
2021-09-17 12:45:18,088 DEBUG scheduler Queued events for site Banking
2021-09-17 12:45:18,185 INFO scheduler Scheduled Job Start: frappe.twofactor.delete_all_barcodes_for_users for Banking
2021-09-17 12:45:18,775 INFO scheduler Scheduled Job Complete: frappe.twofactor.delete_all_barcodes_for_users for Banking
2021-09-17 12:45:18,892 INFO scheduler Scheduled Job Start: frappe.website.doctype.web_page.web_page.check_publish_status for Banking
2021-09-17 12:45:19,742 INFO scheduler Scheduled Job Complete: frappe.website.doctype.web_page.web_page.check_publish_status for Banking
2021-09-17 12:45:19,935 INFO scheduler Scheduled Job Start: frappe.oauth.delete_oauth2_data for Banking
2021-09-17 12:45:20,693 INFO scheduler Scheduled Job Complete: frappe.oauth.delete_oauth2_data for Banking
2021-09-17 12:46:18,340 DEBUG scheduler Queued events for site Banking
2021-09-17 12:47:18,571 DEBUG scheduler Queued events for site Banking
2021-09-17 12:48:18,836 DEBUG scheduler Queued events for site Banking
2021-09-17 12:48:18,916 INFO scheduler Scheduled Job Start: frappe.monitor.flush for Banking
2021-09-17 12:48:19,287 INFO scheduler Scheduled Job Complete: frappe.monitor.flush for Banking
2021-09-17 12:48:19,399 INFO scheduler Scheduled Job Start: frappe.utils.global_search.sync_global_search for Banking
2021-09-17 12:48:19,806 INFO scheduler Scheduled Job Complete: frappe.utils.global_search.sync_global_search for Banking
2021-09-17 12:48:19,911 INFO scheduler Scheduled Job Start: frappe.integrations.doctype.razorpay_settings.razorpay_settings.capture_payment for Banking
2021-09-17 12:48:20,524 INFO scheduler Scheduled Job Complete: frappe.integrations.doctype.razorpay_settings.razorpay_settings.capture_payment for Banking
2021-09-17 12:48:20,634 INFO scheduler Scheduled Job Start: frappe.email.doctype.email_account.email_account.notify_unreplied for Banking
2021-09-17 12:48:21,097 INFO scheduler Scheduled Job Complete: frappe.email.doctype.email_account.email_account.notify_unreplied for Banking
2021-09-17 12:48:21,217 INFO scheduler Scheduled Job Start: frappe.email.doctype.email_account.email_account.pull for Banking
2021-09-17 12:48:21,709 INFO scheduler Scheduled Job Complete: frappe.email.doctype.email_account.email_account.pull for Banking
2021-09-17 12:48:21,838 INFO scheduler Scheduled Job Start: frappe.email.queue.flush for Banking
2021-09-17 12:48:22,258 INFO scheduler Scheduled Job Complete: frappe.email.queue.flush for Banking
2021-09-17 12:49:19,070 DEBUG scheduler Queued events for site Banking
2021-09-17 12:50:19,289 DEBUG scheduler Queued events for site Banking
2021-09-17 12:51:19,518 DEBUG scheduler Queued events for site Banking
2021-09-17 12:52:19,876 DEBUG scheduler Queued events for site Banking
2021-09-17 12:52:19,943 INFO scheduler Scheduled Job Start: frappe.monitor.flush for Banking
2021-09-17 12:52:20,314 INFO scheduler Scheduled Job Complete: frappe.monitor.flush for Banking
2021-09-17 12:52:20,466 INFO scheduler Scheduled Job Start: frappe.utils.global_search.sync_global_search for Banking
2021-09-17 12:52:20,880 INFO scheduler Scheduled Job Complete: frappe.utils.global_search.sync_global_search for Banking
2021-09-17 12:52:20,996 INFO scheduler Scheduled Job Start: frappe.integrations.doctype.razorpay_settings.razorpay_settings.capture_payment for Banking
2021-09-17 12:52:21,713 INFO scheduler Scheduled Job Complete: frappe.integrations.doctype.razorpay_settings.razorpay_settings.capture_payment for Banking
2021-09-17 12:52:21,850 INFO scheduler Scheduled Job Start: frappe.email.doctype.email_account.email_account.notify_unreplied for Banking
2021-09-17 12:52:22,590 INFO scheduler Scheduled Job Complete: frappe.email.doctype.email_account.email_account.notify_unreplied for Banking
2021-09-17 12:52:22,725 INFO scheduler Scheduled Job Start: frappe.email.doctype.email_account.email_account.pull for Banking
2021-09-17 12:52:23,623 INFO scheduler Scheduled Job Complete: frappe.email.doctype.email_account.email_account.pull for Banking
2021-09-17 12:52:23,869 INFO scheduler Scheduled Job Start: frappe.email.queue.flush for Banking
2021-09-17 12:52:24,632 INFO scheduler Scheduled Job Complete: frappe.email.queue.flush for Banking
2021-09-17 12:53:20,155 DEBUG scheduler Queued events for site Banking
2021-09-17 12:54:20,381 DEBUG scheduler Queued events for site Banking
2021-09-17 12:55:20,609 DEBUG scheduler Queued events for site Banking
2021-09-17 12:56:20,897 DEBUG scheduler Queued events for site Banking
2021-09-17 12:56:21,112 INFO scheduler Scheduled Job Start: frappe.monitor.flush for Banking
2021-09-17 12:56:21,820 INFO scheduler Scheduled Job Complete: frappe.monitor.flush for Banking
2021-09-17 12:56:21,930 INFO scheduler Scheduled Job Start: frappe.utils.global_search.sync_global_search for Banking
2021-09-17 12:56:22,300 INFO scheduler Scheduled Job Complete: frappe.utils.global_search.sync_global_search for Banking
2021-09-17 12:56:22,471 INFO scheduler Scheduled Job Start: frappe.integrations.doctype.razorpay_settings.razorpay_settings.capture_payment for Banking
2021-09-17 12:56:23,570 INFO scheduler Scheduled Job Complete: frappe.integrations.doctype.razorpay_settings.razorpay_settings.capture_payment for Banking
2021-09-17 12:56:23,707 INFO scheduler Scheduled Job Start: frappe.email.doctype.email_account.email_account.notify_unreplied for Banking
2021-09-17 12:56:24,489 INFO scheduler Scheduled Job Complete: frappe.email.doctype.email_account.email_account.notify_unreplied for Banking
2021-09-17 12:56:24,615 INFO scheduler Scheduled Job Start: frappe.email.doctype.email_account.email_account.pull for Banking
2021-09-17 12:56:25,254 INFO scheduler Scheduled Job Complete: frappe.email.doctype.email_account.email_account.pull for Banking
2021-09-17 12:56:25,389 INFO scheduler Scheduled Job Start: frappe.email.queue.flush for Banking
2021-09-17 12:56:25,787 INFO scheduler Scheduled Job Complete: frappe.email.queue.flush for Banking
2021-09-17 12:57:21,158 DEBUG scheduler Queued events for site Banking
2021-09-17 12:58:21,386 DEBUG scheduler Queued events for site Banking
2021-09-17 12:59:21,594 DEBUG scheduler Queued events for site Banking
2021-09-17 13:00:21,927 INFO scheduler Scheduled Job Start: frappe.email.doctype.newsletter.newsletter.send_scheduled_email for Banking
2021-09-17 13:00:21,935 DEBUG scheduler Queued events for site Banking
2021-09-17 13:00:22,732 INFO scheduler Scheduled Job Complete: frappe.email.doctype.newsletter.newsletter.send_scheduled_email for Banking
2021-09-17 13:00:22,853 INFO scheduler Scheduled Job Start: frappe.integrations.doctype.google_calendar.google_calendar.sync for Banking
2021-09-17 13:00:23,818 INFO scheduler Scheduled Job Complete: frappe.integrations.doctype.google_calendar.google_calendar.sync for Banking
2021-09-17 13:00:23,932 INFO scheduler Scheduled Job Start: frappe.desk.form.document_follow.send_hourly_updates for Banking
2021-09-17 13:00:24,463 INFO scheduler Scheduled Job Complete: frappe.desk.form.document_follow.send_hourly_updates for Banking
2021-09-17 13:00:24,582 INFO scheduler Scheduled Job Start: frappe.deferred_insert.save_to_db for Banking
2021-09-17 13:00:25,673 INFO scheduler Scheduled Job Complete: frappe.deferred_insert.save_to_db for Banking
2021-09-17 13:00:25,790 INFO scheduler Scheduled Job Start: frappe.desk.page.backups.backups.delete_downloadable_backups for Banking
2021-09-17 13:00:26,343 INFO scheduler Scheduled Job Complete: frappe.desk.page.backups.backups.delete_downloadable_backups for Banking
2021-09-17 13:00:26,474 INFO scheduler Scheduled Job Start: frappe.utils.error.collect_error_snapshots for Banking
2021-09-17 13:00:27,086 INFO scheduler Scheduled Job Complete: frappe.utils.error.collect_error_snapshots for Banking
2021-09-17 13:00:27,209 INFO scheduler Scheduled Job Start: frappe.model.utils.user_settings.sync_user_settings for Banking
2021-09-17 13:00:27,696 INFO scheduler Scheduled Job Complete: frappe.model.utils.user_settings.sync_user_settings for Banking
2021-09-17 13:00:27,825 INFO scheduler Scheduled Job Start: frappe.model.utils.link_count.update_link_count for Banking
2021-09-17 13:00:28,400 INFO scheduler Scheduled Job Complete: frappe.model.utils.link_count.update_link_count for Banking
2021-09-17 13:00:28,505 INFO scheduler Scheduled Job Start: frappe.monitor.flush for Banking
2021-09-17 13:00:28,913 INFO scheduler Scheduled Job Complete: frappe.monitor.flush for Banking
2021-09-17 13:00:29,055 INFO scheduler Scheduled Job Start: frappe.utils.global_search.sync_global_search for Banking
2021-09-17 13:00:29,513 INFO scheduler Scheduled Job Complete: frappe.utils.global_search.sync_global_search for Banking
2021-09-17 13:00:29,611 INFO scheduler Scheduled Job Start: frappe.integrations.doctype.razorpay_settings.razorpay_settings.capture_payment for Banking
2021-09-17 13:00:30,199 INFO scheduler Scheduled Job Complete: frappe.integrations.doctype.razorpay_settings.razorpay_settings.capture_payment for Banking
2021-09-17 13:00:30,308 INFO scheduler Scheduled Job Start: frappe.email.doctype.email_account.email_account.notify_unreplied for Banking
2021-09-17 13:00:30,864 INFO scheduler Scheduled Job Complete: frappe.email.doctype.email_account.email_account.notify_unreplied for Banking
2021-09-17 13:00:30,963 INFO scheduler Scheduled Job Start: frappe.email.doctype.email_account.email_account.pull for Banking
2021-09-17 13:00:31,440 INFO scheduler Scheduled Job Complete: frappe.email.doctype.email_account.email_account.pull for Banking
2021-09-17 13:00:31,542 INFO scheduler Scheduled Job Start: frappe.email.queue.flush for Banking
2021-09-17 13:00:31,906 INFO scheduler Scheduled Job Complete: frappe.email.queue.flush for Banking
2021-09-17 13:00:32,031 INFO scheduler Scheduled Job Start: frappe.twofactor.delete_all_barcodes_for_users for Banking
2021-09-17 13:00:32,550 INFO scheduler Scheduled Job Complete: frappe.twofactor.delete_all_barcodes_for_users for Banking
2021-09-17 13:00:32,673 INFO scheduler Scheduled Job Start: frappe.website.doctype.web_page.web_page.check_publish_status for Banking
2021-09-17 13:00:33,313 INFO scheduler Scheduled Job Complete: frappe.website.doctype.web_page.web_page.check_publish_status for Banking
2021-09-17 13:00:33,427 INFO scheduler Scheduled Job Start: frappe.oauth.delete_oauth2_data for Banking
2021-09-17 13:00:34,029 INFO scheduler Scheduled Job Complete: frappe.oauth.delete_oauth2_data for Banking
2021-09-17 13:01:22,318 DEBUG scheduler Queued events for site Banking
2021-09-17 13:02:22,613 DEBUG scheduler Queued events for site Banking
2021-09-17 13:03:22,987 DEBUG scheduler Queued events for site Banking
2021-09-17 13:04:23,240 DEBUG scheduler Queued events for site Banking
2021-09-17 13:04:23,299 INFO scheduler Scheduled Job Start: frappe.monitor.flush for Banking
2021-09-17 13:04:23,939 INFO scheduler Scheduled Job Complete: frappe.monitor.flush for Banking
2021-09-17 13:04:24,042 INFO scheduler Scheduled Job Start: frappe.utils.global_search.sync_global_search for Banking
2021-09-17 13:04:24,405 INFO scheduler Scheduled Job Complete: frappe.utils.global_search.sync_global_search for Banking
2021-09-17 13:04:24,522 INFO scheduler Scheduled Job Start: frappe.integrations.doctype.razorpay_settings.razorpay_settings.capture_payment for Banking
2021-09-17 13:04:25,337 INFO scheduler Scheduled Job Complete: frappe.integrations.doctype.razorpay_settings.razorpay_settings.capture_payment for Banking
2021-09-17 13:04:25,453 INFO scheduler Scheduled Job Start: frappe.email.doctype.email_account.email_account.notify_unreplied for Banking
2021-09-17 13:04:25,983 INFO scheduler Scheduled Job Complete: frappe.email.doctype.email_account.email_account.notify_unreplied for Banking
2021-09-17 13:04:26,090 INFO scheduler Scheduled Job Start: frappe.email.doctype.email_account.email_account.pull for Banking
2021-09-17 13:04:26,616 INFO scheduler Scheduled Job Complete: frappe.email.doctype.email_account.email_account.pull for Banking
2021-09-17 13:04:26,736 INFO scheduler Scheduled Job Start: frappe.email.queue.flush for Banking
2021-09-17 13:04:27,159 INFO scheduler Scheduled Job Complete: frappe.email.queue.flush for Banking
2021-09-17 13:05:23,475 DEBUG scheduler Queued events for site Banking
2021-09-17 13:06:23,703 DEBUG scheduler Queued events for site Banking
2021-09-17 13:07:23,950 DEBUG scheduler Queued events for site Banking
2021-09-17 13:08:24,213 DEBUG scheduler Queued events for site Banking
2021-09-17 13:08:24,263 INFO scheduler Scheduled Job Start: frappe.monitor.flush for Banking
2021-09-17 13:08:24,600 INFO scheduler Scheduled Job Complete: frappe.monitor.flush for Banking
2021-09-17 13:08:24,709 INFO scheduler Scheduled Job Start: frappe.utils.global_search.sync_global_search for Banking
2021-09-17 13:08:25,142 INFO scheduler Scheduled Job Complete: frappe.utils.global_search.sync_global_search for Banking
2021-09-17 13:08:25,243 INFO scheduler Scheduled Job Start: frappe.integrations.doctype.razorpay_settings.razorpay_settings.capture_payment for Banking
2021-09-17 13:08:25,906 INFO scheduler Scheduled Job Complete: frappe.integrations.doctype.razorpay_settings.razorpay_settings.capture_payment for Banking
2021-09-17 13:08:26,011 INFO scheduler Scheduled Job Start: frappe.email.doctype.email_account.email_account.notify_unreplied for Banking
2021-09-17 13:08:26,477 INFO scheduler Scheduled Job Complete: frappe.email.doctype.email_account.email_account.notify_unreplied for Banking
2021-09-17 13:08:26,603 INFO scheduler Scheduled Job Start: frappe.email.doctype.email_account.email_account.pull for Banking
2021-09-17 13:08:27,070 INFO scheduler Scheduled Job Complete: frappe.email.doctype.email_account.email_account.pull for Banking
2021-09-17 13:08:27,180 INFO scheduler Scheduled Job Start: frappe.email.queue.flush for Banking
2021-09-17 13:08:27,631 INFO scheduler Scheduled Job Complete: frappe.email.queue.flush for Banking
2021-09-17 13:09:24,452 DEBUG scheduler Queued events for site Banking
2021-09-17 13:10:24,672 DEBUG scheduler Queued events for site Banking
2021-09-17 13:11:24,888 DEBUG scheduler Queued events for site Banking
2021-09-17 13:12:25,158 DEBUG scheduler Queued events for site Banking
2021-09-17 13:12:25,209 INFO scheduler Scheduled Job Start: frappe.monitor.flush for Banking
2021-09-17 13:12:25,615 INFO scheduler Scheduled Job Complete: frappe.monitor.flush for Banking
2021-09-17 13:12:25,796 INFO scheduler Scheduled Job Start: frappe.utils.global_search.sync_global_search for Banking
2021-09-17 13:12:26,281 INFO scheduler Scheduled Job Complete: frappe.utils.global_search.sync_global_search for Banking
2021-09-17 13:12:26,403 INFO scheduler Scheduled Job Start: frappe.integrations.doctype.razorpay_settings.razorpay_settings.capture_payment for Banking
2021-09-17 13:12:27,056 INFO scheduler Scheduled Job Complete: frappe.integrations.doctype.razorpay_settings.razorpay_settings.capture_payment for Banking
2021-09-17 13:12:27,195 INFO scheduler Scheduled Job Start: frappe.email.doctype.email_account.email_account.notify_unreplied for Banking
2021-09-17 13:12:27,795 INFO scheduler Scheduled Job Complete: frappe.email.doctype.email_account.email_account.notify_unreplied for Banking
2021-09-17 13:12:27,901 INFO scheduler Scheduled Job Start: frappe.email.doctype.email_account.email_account.pull for Banking
2021-09-17 13:12:28,480 INFO scheduler Scheduled Job Complete: frappe.email.doctype.email_account.email_account.pull for Banking
2021-09-17 13:12:28,593 INFO scheduler Scheduled Job Start: frappe.email.queue.flush for Banking
2021-09-17 13:12:29,143 INFO scheduler Scheduled Job Complete: frappe.email.queue.flush for Banking
2021-09-17 13:13:25,398 DEBUG scheduler Queued events for site Banking
2021-09-17 13:14:25,607 DEBUG scheduler Queued events for site Banking
2021-09-17 13:15:25,869 DEBUG scheduler Queued events for site Banking
2021-09-17 13:15:25,944 INFO scheduler Scheduled Job Start: frappe.twofactor.delete_all_barcodes_for_users for Banking
2021-09-17 13:15:26,496 INFO scheduler Scheduled Job Complete: frappe.twofactor.delete_all_barcodes_for_users for Banking
2021-09-17 13:15:26,606 INFO scheduler Scheduled Job Start: frappe.website.doctype.web_page.web_page.check_publish_status for Banking
2021-09-17 13:15:27,320 INFO scheduler Scheduled Job Complete: frappe.website.doctype.web_page.web_page.check_publish_status for Banking
2021-09-17 13:15:27,442 INFO scheduler Scheduled Job Start: frappe.oauth.delete_oauth2_data for Banking
2021-09-17 13:15:28,231 INFO scheduler Scheduled Job Complete: frappe.oauth.delete_oauth2_data for Banking
2021-09-17 13:16:26,147 DEBUG scheduler Queued events for site Banking
2021-09-17 13:16:26,200 INFO scheduler Scheduled Job Start: frappe.monitor.flush for Banking
2021-09-17 13:16:26,508 INFO scheduler Scheduled Job Complete: frappe.monitor.flush for Banking
2021-09-17 13:16:26,609 INFO scheduler Scheduled Job Start: frappe.utils.global_search.sync_global_search for Banking
2021-09-17 13:16:26,930 INFO scheduler Scheduled Job Complete: frappe.utils.global_search.sync_global_search for Banking
2021-09-17 13:16:27,035 INFO scheduler Scheduled Job Start: frappe.integrations.doctype.razorpay_settings.razorpay_settings.capture_payment for Banking
2021-09-17 13:16:27,635 INFO scheduler Scheduled Job Complete: frappe.integrations.doctype.razorpay_settings.razorpay_settings.capture_payment for Banking
2021-09-17 13:16:27,743 INFO scheduler Scheduled Job Start: frappe.email.doctype.email_account.email_account.notify_unreplied for Banking
2021-09-17 13:16:28,226 INFO scheduler Scheduled Job Complete: frappe.email.doctype.email_account.email_account.notify_unreplied for Banking
2021-09-17 13:16:28,326 INFO scheduler Scheduled Job Start: frappe.email.doctype.email_account.email_account.pull for Banking
2021-09-17 13:16:28,812 INFO scheduler Scheduled Job Complete: frappe.email.doctype.email_account.email_account.pull for Banking
2021-09-17 13:16:28,920 INFO scheduler Scheduled Job Start: frappe.email.queue.flush for Banking
2021-09-17 13:16:29,325 INFO scheduler Scheduled Job Complete: frappe.email.queue.flush for Banking
2021-09-17 13:17:26,387 DEBUG scheduler Queued events for site Banking
2021-09-17 13:18:26,604 DEBUG scheduler Queued events for site Banking
2021-09-17 13:19:26,833 DEBUG scheduler Queued events for site Banking
2021-09-17 13:20:27,079 DEBUG scheduler Queued events for site Banking
2021-09-17 13:20:27,126 INFO scheduler Scheduled Job Start: frappe.monitor.flush for Banking
2021-09-17 13:20:27,435 INFO scheduler Scheduled Job Complete: frappe.monitor.flush for Banking
2021-09-17 13:20:27,542 INFO scheduler Scheduled Job Start: frappe.utils.global_search.sync_global_search for Banking
2021-09-17 13:20:27,928 INFO scheduler Scheduled Job Complete: frappe.utils.global_search.sync_global_search for Banking
2021-09-17 13:20:28,036 INFO scheduler Scheduled Job Start: frappe.integrations.doctype.razorpay_settings.razorpay_settings.capture_payment for Banking
2021-09-17 13:20:28,634 INFO scheduler Scheduled Job Complete: frappe.integrations.doctype.razorpay_settings.razorpay_settings.capture_payment for Banking
2021-09-17 13:20:28,754 INFO scheduler Scheduled Job Start: frappe.email.doctype.email_account.email_account.notify_unreplied for Banking
2021-09-17 13:20:29,252 INFO scheduler Scheduled Job Complete: frappe.email.doctype.email_account.email_account.notify_unreplied for Banking
2021-09-17 13:20:29,358 INFO scheduler Scheduled Job Start: frappe.email.doctype.email_account.email_account.pull for Banking
2021-09-17 13:20:29,861 INFO scheduler Scheduled Job Complete: frappe.email.doctype.email_account.email_account.pull for Banking
2021-09-17 13:20:29,974 INFO scheduler Scheduled Job Start: frappe.email.queue.flush for Banking
2021-09-17 13:20:30,428 INFO scheduler Scheduled Job Complete: frappe.email.queue.flush for Banking
2021-09-17 13:21:27,316 DEBUG scheduler Queued events for site Banking
2021-09-17 13:22:27,529 DEBUG scheduler Queued events for site Banking
2021-09-17 13:23:27,758 DEBUG scheduler Queued events for site Banking
2021-09-17 13:24:28,007 DEBUG scheduler Queued events for site Banking
2021-09-17 13:24:28,057 INFO scheduler Scheduled Job Start: frappe.monitor.flush for Banking
2021-09-17 13:24:28,358 INFO scheduler Scheduled Job Complete: frappe.monitor.flush for Banking
2021-09-17 13:24:28,458 INFO scheduler Scheduled Job Start: frappe.utils.global_search.sync_global_search for Banking
2021-09-17 13:24:28,836 INFO scheduler Scheduled Job Complete: frappe.utils.global_search.sync_global_search for Banking
2021-09-17 13:24:28,934 INFO scheduler Scheduled Job Start: frappe.integrations.doctype.razorpay_settings.razorpay_settings.capture_payment for Banking
2021-09-17 13:24:29,532 INFO scheduler Scheduled Job Complete: frappe.integrations.doctype.razorpay_settings.razorpay_settings.capture_payment for Banking
2021-09-17 13:24:29,640 INFO scheduler Scheduled Job Start: frappe.email.doctype.email_account.email_account.notify_unreplied for Banking
2021-09-17 13:24:30,198 INFO scheduler Scheduled Job Complete: frappe.email.doctype.email_account.email_account.notify_unreplied for Banking
2021-09-17 13:24:30,318 INFO scheduler Scheduled Job Start: frappe.email.doctype.email_account.email_account.pull for Banking
2021-09-17 13:24:30,795 INFO scheduler Scheduled Job Complete: frappe.email.doctype.email_account.email_account.pull for Banking
2021-09-17 13:24:30,893 INFO scheduler Scheduled Job Start: frappe.email.queue.flush for Banking
2021-09-17 13:24:31,305 INFO scheduler Scheduled Job Complete: frappe.email.queue.flush for Banking
2021-09-17 13:25:28,250 DEBUG scheduler Queued events for site Banking
2021-09-17 13:26:28,461 DEBUG scheduler Queued events for site Banking
2021-09-17 13:27:28,680 DEBUG scheduler Queued events for site Banking
2021-09-17 13:28:28,952 DEBUG scheduler Queued events for site Banking
2021-09-17 13:28:29,000 INFO scheduler Scheduled Job Start: frappe.monitor.flush for Banking
2021-09-17 13:28:29,348 INFO scheduler Scheduled Job Complete: frappe.monitor.flush for Banking
2021-09-17 13:28:29,449 INFO scheduler Scheduled Job Start: frappe.utils.global_search.sync_global_search for Banking
2021-09-17 13:28:29,817 INFO scheduler Scheduled Job Complete: frappe.utils.global_search.sync_global_search for Banking
2021-09-17 13:28:29,923 INFO scheduler Scheduled Job Start: frappe.integrations.doctype.razorpay_settings.razorpay_settings.capture_payment for Banking
2021-09-17 13:28:30,487 INFO scheduler Scheduled Job Complete: frappe.integrations.doctype.razorpay_settings.razorpay_settings.capture_payment for Banking
2021-09-17 13:28:30,596 INFO scheduler Scheduled Job Start: frappe.email.doctype.email_account.email_account.notify_unreplied for Banking
2021-09-17 13:28:31,128 INFO scheduler Scheduled Job Complete: frappe.email.doctype.email_account.email_account.notify_unreplied for Banking
2021-09-17 13:28:31,227 INFO scheduler Scheduled Job Start: frappe.email.doctype.email_account.email_account.pull for Banking
2021-09-17 13:28:31,763 INFO scheduler Scheduled Job Complete: frappe.email.doctype.email_account.email_account.pull for Banking
2021-09-17 13:28:31,871 INFO scheduler Scheduled Job Start: frappe.email.queue.flush for Banking
2021-09-17 13:28:32,353 INFO scheduler Scheduled Job Complete: frappe.email.queue.flush for Banking
2021-09-17 13:29:29,201 DEBUG scheduler Queued events for site Banking
2021-09-17 13:30:29,432 DEBUG scheduler Queued events for site Banking
2021-09-17 13:30:29,508 INFO scheduler Scheduled Job Start: frappe.twofactor.delete_all_barcodes_for_users for Banking
2021-09-17 13:30:29,988 INFO scheduler Scheduled Job Complete: frappe.twofactor.delete_all_barcodes_for_users for Banking
2021-09-17 13:30:30,110 INFO scheduler Scheduled Job Start: frappe.website.doctype.web_page.web_page.check_publish_status for Banking
2021-09-17 13:30:30,760 INFO scheduler Scheduled Job Complete: frappe.website.doctype.web_page.web_page.check_publish_status for Banking
2021-09-17 13:30:30,875 INFO scheduler Scheduled Job Start: frappe.oauth.delete_oauth2_data for Banking
2021-09-17 13:30:31,531 INFO scheduler Scheduled Job Complete: frappe.oauth.delete_oauth2_data for Banking
2021-09-17 13:31:29,665 DEBUG scheduler Queued events for site Banking
2021-09-17 13:32:29,928 DEBUG scheduler Queued events for site Banking
2021-09-17 13:32:29,977 INFO scheduler Scheduled Job Start: frappe.monitor.flush for Banking
2021-09-17 13:32:30,275 INFO scheduler Scheduled Job Complete: frappe.monitor.flush for Banking
2021-09-17 13:32:30,382 INFO scheduler Scheduled Job Start: frappe.utils.global_search.sync_global_search for Banking
2021-09-17 13:32:30,727 INFO scheduler Scheduled Job Complete: frappe.utils.global_search.sync_global_search for Banking
2021-09-17 13:32:30,837 INFO scheduler Scheduled Job Start: frappe.integrations.doctype.razorpay_settings.razorpay_settings.capture_payment for Banking
2021-09-17 13:32:31,415 INFO scheduler Scheduled Job Complete: frappe.integrations.doctype.razorpay_settings.razorpay_settings.capture_payment for Banking
2021-09-17 13:32:31,522 INFO scheduler Scheduled Job Start: frappe.email.doctype.email_account.email_account.notify_unreplied for Banking
2021-09-17 13:32:32,054 INFO scheduler Scheduled Job Complete: frappe.email.doctype.email_account.email_account.notify_unreplied for Banking
2021-09-17 13:32:32,159 INFO scheduler Scheduled Job Start: frappe.email.doctype.email_account.email_account.pull for Banking
2021-09-17 13:32:32,631 INFO scheduler Scheduled Job Complete: frappe.email.doctype.email_account.email_account.pull for Banking
2021-09-17 13:32:32,750 INFO scheduler Scheduled Job Start: frappe.email.queue.flush for Banking
2021-09-17 13:32:33,182 INFO scheduler Scheduled Job Complete: frappe.email.queue.flush for Banking
2021-09-17 13:33:30,161 DEBUG scheduler Queued events for site Banking
2021-09-17 13:34:30,380 DEBUG scheduler Queued events for site Banking
2021-09-17 13:35:30,597 DEBUG scheduler Queued events for site Banking
2021-09-17 13:36:30,853 DEBUG scheduler Queued events for site Banking
2021-09-17 13:36:30,902 INFO scheduler Scheduled Job Start: frappe.monitor.flush for Banking
2021-09-17 13:36:31,206 INFO scheduler Scheduled Job Complete: frappe.monitor.flush for Banking
2021-09-17 13:36:31,306 INFO scheduler Scheduled Job Start: frappe.utils.global_search.sync_global_search for Banking
2021-09-17 13:36:31,650 INFO scheduler Scheduled Job Complete: frappe.utils.global_search.sync_global_search for Banking
2021-09-17 13:36:31,758 INFO scheduler Scheduled Job Start: frappe.integrations.doctype.razorpay_settings.razorpay_settings.capture_payment for Banking
2021-09-17 13:36:32,395 INFO scheduler Scheduled Job Complete: frappe.integrations.doctype.razorpay_settings.razorpay_settings.capture_payment for Banking
2021-09-17 13:36:32,504 INFO scheduler Scheduled Job Start: frappe.email.doctype.email_account.email_account.notify_unreplied for Banking
2021-09-17 13:36:32,979 INFO scheduler Scheduled Job Complete: frappe.email.doctype.email_account.email_account.notify_unreplied for Banking
2021-09-17 13:36:33,094 INFO scheduler Scheduled Job Start: frappe.email.doctype.email_account.email_account.pull for Banking
2021-09-17 13:36:33,619 INFO scheduler Scheduled Job Complete: frappe.email.doctype.email_account.email_account.pull for Banking
2021-09-17 13:36:33,734 INFO scheduler Scheduled Job Start: frappe.email.queue.flush for Banking
2021-09-17 13:36:34,138 INFO scheduler Scheduled Job Complete: frappe.email.queue.flush for Banking
2021-09-17 13:37:31,096 DEBUG scheduler Queued events for site Banking
2021-09-17 13:38:31,315 DEBUG scheduler Queued events for site Banking
2021-09-17 13:39:31,536 DEBUG scheduler Queued events for site Banking
2021-09-17 13:40:31,796 DEBUG scheduler Queued events for site Banking
2021-09-17 13:40:31,850 INFO scheduler Scheduled Job Start: frappe.monitor.flush for Banking
2021-09-17 13:40:32,169 INFO scheduler Scheduled Job Complete: frappe.monitor.flush for Banking
2021-09-17 13:40:32,267 INFO scheduler Scheduled Job Start: frappe.utils.global_search.sync_global_search for Banking
2021-09-17 13:40:32,765 INFO scheduler Scheduled Job Complete: frappe.utils.global_search.sync_global_search for Banking
2021-09-17 13:40:32,883 INFO scheduler Scheduled Job Start: frappe.integrations.doctype.razorpay_settings.razorpay_settings.capture_payment for Banking
2021-09-17 13:40:33,458 INFO scheduler Scheduled Job Complete: frappe.integrations.doctype.razorpay_settings.razorpay_settings.capture_payment for Banking
2021-09-17 13:40:33,561 INFO scheduler Scheduled Job Start: frappe.email.doctype.email_account.email_account.notify_unreplied for Banking
2021-09-17 13:40:34,025 INFO scheduler Scheduled Job Complete: frappe.email.doctype.email_account.email_account.notify_unreplied for Banking
2021-09-17 13:40:34,123 INFO scheduler Scheduled Job Start: frappe.email.doctype.email_account.email_account.pull for Banking
2021-09-17 13:40:34,595 INFO scheduler Scheduled Job Complete: frappe.email.doctype.email_account.email_account.pull for Banking
2021-09-17 13:40:34,728 INFO scheduler Scheduled Job Start: frappe.email.queue.flush for Banking
2021-09-17 13:40:35,136 INFO scheduler Scheduled Job Complete: frappe.email.queue.flush for Banking
2021-09-17 13:41:32,030 DEBUG scheduler Queued events for site Banking
2021-09-17 13:42:32,254 DEBUG scheduler Queued events for site Banking
2021-09-17 13:43:32,479 DEBUG scheduler Queued events for site Banking
2021-09-17 13:44:32,727 DEBUG scheduler Queued events for site Banking
2021-09-17 13:44:32,780 INFO scheduler Scheduled Job Start: frappe.monitor.flush for Banking
2021-09-17 13:44:33,078 INFO scheduler Scheduled Job Complete: frappe.monitor.flush for Banking
2021-09-17 13:44:33,180 INFO scheduler Scheduled Job Start: frappe.utils.global_search.sync_global_search for Banking
2021-09-17 13:44:33,578 INFO scheduler Scheduled Job Complete: frappe.utils.global_search.sync_global_search for Banking
2021-09-17 13:44:33,685 INFO scheduler Scheduled Job Start: frappe.integrations.doctype.razorpay_settings.razorpay_settings.capture_payment for Banking
2021-09-17 13:44:34,307 INFO scheduler Scheduled Job Complete: frappe.integrations.doctype.razorpay_settings.razorpay_settings.capture_payment for Banking
2021-09-17 13:44:34,412 INFO scheduler Scheduled Job Start: frappe.email.doctype.email_account.email_account.notify_unreplied for Banking
2021-09-17 13:44:34,858 INFO scheduler Scheduled Job Complete: frappe.email.doctype.email_account.email_account.notify_unreplied for Banking
2021-09-17 13:44:34,960 INFO scheduler Scheduled Job Start: frappe.email.doctype.email_account.email_account.pull for Banking
2021-09-17 13:44:35,396 INFO scheduler Scheduled Job Complete: frappe.email.doctype.email_account.email_account.pull for Banking
2021-09-17 13:44:35,515 INFO scheduler Scheduled Job Start: frappe.email.queue.flush for Banking
2021-09-17 13:44:35,951 INFO scheduler Scheduled Job Complete: frappe.email.queue.flush for Banking
2021-09-17 13:45:32,995 DEBUG scheduler Queued events for site Banking
2021-09-17 13:45:33,081 INFO scheduler Scheduled Job Start: frappe.twofactor.delete_all_barcodes_for_users for Banking
2021-09-17 13:45:33,560 INFO scheduler Scheduled Job Complete: frappe.twofactor.delete_all_barcodes_for_users for Banking
2021-09-17 13:45:33,673 INFO scheduler Scheduled Job Start: frappe.website.doctype.web_page.web_page.check_publish_status for Banking
2021-09-17 13:45:34,321 INFO scheduler Scheduled Job Complete: frappe.website.doctype.web_page.web_page.check_publish_status for Banking
2021-09-17 13:45:34,449 INFO scheduler Scheduled Job Start: frappe.oauth.delete_oauth2_data for Banking
2021-09-17 13:45:35,050 INFO scheduler Scheduled Job Complete: frappe.oauth.delete_oauth2_data for Banking
2021-09-17 13:46:33,235 DEBUG scheduler Queued events for site Banking
2021-09-17 13:47:33,453 DEBUG scheduler Queued events for site Banking
2021-09-17 13:48:33,749 DEBUG scheduler Queued events for site Banking
2021-09-17 13:48:33,807 INFO scheduler Scheduled Job Start: frappe.monitor.flush for Banking
2021-09-17 13:48:34,193 INFO scheduler Scheduled Job Complete: frappe.monitor.flush for Banking
2021-09-17 13:48:34,340 INFO scheduler Scheduled Job Start: frappe.utils.global_search.sync_global_search for Banking
2021-09-17 13:48:34,683 INFO scheduler Scheduled Job Complete: frappe.utils.global_search.sync_global_search for Banking
2021-09-17 13:48:34,804 INFO scheduler Scheduled Job Start: frappe.integrations.doctype.razorpay_settings.razorpay_settings.capture_payment for Banking
2021-09-17 13:48:35,417 INFO scheduler Scheduled Job Complete: frappe.integrations.doctype.razorpay_settings.razorpay_settings.capture_payment for Banking
2021-09-17 13:48:35,561 INFO scheduler Scheduled Job Start: frappe.email.doctype.email_account.email_account.notify_unreplied for Banking
2021-09-17 13:48:36,076 INFO scheduler Scheduled Job Complete: frappe.email.doctype.email_account.email_account.notify_unreplied for Banking
2021-09-17 13:48:36,203 INFO scheduler Scheduled Job Start: frappe.email.doctype.email_account.email_account.pull for Banking
2021-09-17 13:48:36,687 INFO scheduler Scheduled Job Complete: frappe.email.doctype.email_account.email_account.pull for Banking
2021-09-17 13:48:36,814 INFO scheduler Scheduled Job Start: frappe.email.queue.flush for Banking
2021-09-17 13:48:37,279 INFO scheduler Scheduled Job Complete: frappe.email.queue.flush for Banking
